<?xml version="1.0" encoding="UTF-8"?>
<!-- Generated by org.testng.reporters.JUnitXMLReporter -->
<testsuite ignored="0" hostname="DESKTOP-8GJPUGF" failures="0" tests="4" name="Default test" time="0.1" errors="0" timestamp="2024-03-05T20:47:41 IST">
  <testcase classname="HandlingParameter" name="doregistration" time="0.02"/>
  <testcase classname="HandlingParameter" name="doregistration" time="0.002"/>
  <testcase classname="HandlingParameter" name="logintest" time="0.006"/>
  <testcase classname="HandlingParameter" name="logintest" time="0.002"/>
</testsuite> <!-- Default test -->
