<?xml version="1.0" encoding="UTF-8"?>
<testng-results ignored="0" total="4" passed="4" failed="0" skipped="0">
  <reporter-output>
  </reporter-output>
  <suite started-at="2024-03-05T20:47:41 IST" name="Default suite" finished-at="2024-03-05T20:47:41 IST" duration-ms="100">
    <groups>
    </groups>
    <test started-at="2024-03-05T20:47:41 IST" name="Default test" finished-at="2024-03-05T20:47:41 IST" duration-ms="100">
      <class name="HandlingParameter">
        <test-method signature="doregistration(java.lang.String,java.lang.String,java.lang.String)[pri:0, instance:HandlingParameter@4944252c]" started-at="2024-03-05T20:47:41 IST" name="doregistration" data-provider="getDataforregistration" finished-at="2024-03-05T20:47:41 IST" duration-ms="20" status="PASS">
          <params>
            <param index="0">
              <value>
                <![CDATA[firstname1]]>
              </value>
            </param>
            <param index="1">
              <value>
                <![CDATA[lastname1]]>
              </value>
            </param>
            <param index="2">
              <value>
                <![CDATA[id1]]>
              </value>
            </param>
          </params>
          <reporter-output>
          </reporter-output>
        </test-method> <!-- doregistration -->
        <test-method signature="doregistration(java.lang.String,java.lang.String,java.lang.String)[pri:0, instance:HandlingParameter@4944252c]" started-at="2024-03-05T20:47:41 IST" name="doregistration" data-provider="getDataforregistration" finished-at="2024-03-05T20:47:41 IST" duration-ms="2" status="PASS">
          <params>
            <param index="0">
              <value>
                <![CDATA[firstname2]]>
              </value>
            </param>
            <param index="1">
              <value>
                <![CDATA[lastname2]]>
              </value>
            </param>
            <param index="2">
              <value>
                <![CDATA[id2]]>
              </value>
            </param>
          </params>
          <reporter-output>
          </reporter-output>
        </test-method> <!-- doregistration -->
        <test-method signature="logintest(java.lang.String,java.lang.String)[pri:0, instance:HandlingParameter@4944252c]" started-at="2024-03-05T20:47:41 IST" name="logintest" data-provider="getData" finished-at="2024-03-05T20:47:41 IST" duration-ms="6" status="PASS">
          <params>
            <param index="0">
              <value>
                <![CDATA[user1]]>
              </value>
            </param>
            <param index="1">
              <value>
                <![CDATA[pass1]]>
              </value>
            </param>
          </params>
          <reporter-output>
          </reporter-output>
        </test-method> <!-- logintest -->
        <test-method signature="logintest(java.lang.String,java.lang.String)[pri:0, instance:HandlingParameter@4944252c]" started-at="2024-03-05T20:47:41 IST" name="logintest" data-provider="getData" finished-at="2024-03-05T20:47:41 IST" duration-ms="2" status="PASS">
          <params>
            <param index="0">
              <value>
                <![CDATA[user2]]>
              </value>
            </param>
            <param index="1">
              <value>
                <![CDATA[pass2]]>
              </value>
            </param>
          </params>
          <reporter-output>
          </reporter-output>
        </test-method> <!-- logintest -->
      </class> <!-- HandlingParameter -->
    </test> <!-- Default test -->
  </suite> <!-- Default suite -->
</testng-results>
